<?xml version="1.0" encoding="UTF-8"?>
<!-- Generated by org.testng.reporters.JUnitReportReporter -->
<testsuite hostname="DESKTOP-06M61PI" failures="0" tests="1" name="Revision.TakesceenShoot" time="7.044" errors="0" timestamp="2024-12-03T21:15:21 IST" skipped="0">
  <testcase classname="Revision.TakesceenShoot" name="screenshot" time="7.044"/>
  <system-out/>
</testsuite> <!-- Revision.TakesceenShoot -->
