<?xml version="1.0" encoding="UTF-8"?>
<!-- Generated by org.testng.reporters.JUnitReportReporter -->
<testsuite hostname="DESKTOP-06M61PI" failures="0" tests="2" name="TestNgDemo.GroupingDemo" time="0.019" errors="0" timestamp="2024-11-29T18:58:12 IST" skipped="0">
  <testcase classname="TestNgDemo.GroupingDemo" name="m2" time="0.003"/>
  <system-out/>
  <testcase classname="TestNgDemo.GroupingDemo" name="m1" time="0.016"/>
  <system-out/>
</testsuite> <!-- TestNgDemo.GroupingDemo -->
