<?xml version="1.0" encoding="UTF-8"?>
<!-- Generated by org.testng.reporters.JUnitReportReporter -->
<testsuite hostname="DESKTOP-06M61PI" failures="0" tests="1" name="TestNgDemo.handlingTab" time="21.478" errors="0" timestamp="2024-12-03T18:56:01 IST" skipped="0">
  <testcase classname="TestNgDemo.handlingTab" name="newTab" time="21.478"/>
  <system-out/>
</testsuite> <!-- TestNgDemo.handlingTab -->
