<?xml version="1.0" encoding="UTF-8"?>
<!-- Generated by org.testng.reporters.JUnitReportReporter -->
<testsuite hostname="DESKTOP-06M61PI" failures="0" tests="1" name="TestNgDemo.A2" time="0.018" errors="0" timestamp="2024-11-29T19:25:52 IST" skipped="0">
  <testcase classname="TestNgDemo.A2" name="m1" time="0.018"/>
  <system-out/>
</testsuite> <!-- TestNgDemo.A2 -->
