<?xml version="1.0" encoding="UTF-8"?>
<!-- Generated by org.testng.reporters.JUnitReportReporter -->
<testsuite hostname="DESKTOP-06M61PI" failures="0" tests="3" name="TestNgDemo.Grouping.Login" time="0.023" errors="0" timestamp="2024-12-05T21:25:41 IST" skipped="0">
  <testcase classname="TestNgDemo.Grouping.Login" name="loginGmail" time="0.015"/>
  <system-out/>
  <testcase classname="TestNgDemo.Grouping.Login" name="loginByFb" time="0.004"/>
  <system-out/>
  <testcase classname="TestNgDemo.Grouping.Login" name="loginByTwitter" time="0.004"/>
  <system-out/>
</testsuite> <!-- TestNgDemo.Grouping.Login -->
