<?xml version="1.0" encoding="UTF-8"?>
<!-- Generated by org.testng.reporters.JUnitReportReporter -->
<testsuite hostname="DESKTOP-06M61PI" failures="0" tests="1" name="TestNgDemo.UploadingFile" time="10.030" errors="0" timestamp="2024-12-03T19:36:10 IST" skipped="0">
  <testcase classname="TestNgDemo.UploadingFile" name="fiehandling" time="10.030"/>
  <system-out/>
</testsuite> <!-- TestNgDemo.UploadingFile -->
