<?xml version="1.0" encoding="UTF-8"?>
<!-- Generated by org.testng.reporters.JUnitReportReporter -->
<testsuite hostname="DESKTOP-06M61PI" failures="0" tests="1" name="TestNgDemo.CapturingScreenShot" time="12.232" errors="0" timestamp="2024-12-07T20:40:50 IST" skipped="0">
  <testcase classname="TestNgDemo.CapturingScreenShot" name="screenshot" time="12.232"/>
  <system-out/>
</testsuite> <!-- TestNgDemo.CapturingScreenShot -->
