<?xml version="1.0" encoding="UTF-8"?>
<!-- Generated by org.testng.reporters.JUnitReportReporter -->
<testsuite hostname="DESKTOP-06M61PI" failures="0" tests="3" name="TestNgDemo.Parameter" time="19.485" errors="0" timestamp="2024-12-09T20:27:32 IST" skipped="0">
  <testcase classname="TestNgDemo.Parameter" name="login" time="7.948"/>
  <system-out/>
  <testcase classname="TestNgDemo.Parameter" name="login" time="5.944"/>
  <system-out/>
  <testcase classname="TestNgDemo.Parameter" name="login" time="5.593"/>
  <system-out/>
</testsuite> <!-- TestNgDemo.Parameter -->
