<?xml version="1.0" encoding="UTF-8"?>
<!-- Generated by org.testng.reporters.JUnitReportReporter -->
<testsuite hostname="DESKTOP-06M61PI" failures="0" tests="3" name="TestNgDemo.Demo" time="0.018" errors="0" timestamp="2024-11-29T13:15:44 IST" skipped="0">
  <testcase classname="TestNgDemo.Demo" name="driverLaunch" time="0.011"/>
  <system-out/>
  <testcase classname="TestNgDemo.Demo" name="verifyLogin" time="0.003"/>
  <system-out/>
  <testcase classname="TestNgDemo.Demo" name="enterUrl" time="0.004"/>
  <system-out/>
</testsuite> <!-- TestNgDemo.Demo -->
