<?xml version="1.0" encoding="UTF-8"?>
<!-- Generated by org.testng.reporters.JUnitReportReporter -->
<testsuite hostname="DESKTOP-06M61PI" failures="0" tests="2" name="TestNgDemo.TestAnotations" time="0.022" errors="0" timestamp="2024-12-02T12:28:20 IST" skipped="0">
  <testcase classname="TestNgDemo.TestAnotations" name="m2" time="0.005"/>
  <system-out/>
  <testcase classname="TestNgDemo.TestAnotations" name="m1" time="0.017"/>
  <system-out/>
</testsuite> <!-- TestNgDemo.TestAnotations -->
