<?xml version="1.0" encoding="UTF-8"?>
<!-- Generated by org.testng.reporters.JUnitReportReporter -->
<testsuite hostname="DESKTOP-06M61PI" failures="0" tests="1" name="pageFactoryDesignPattern.LoginTestCase2" time="0.926" errors="0" timestamp="2024-12-11T10:43:07 IST" skipped="0">
  <testcase classname="pageFactoryDesignPattern.LoginTestCase2" name="login" time="0.926"/>
  <system-out/>
</testsuite> <!-- pageFactoryDesignPattern.LoginTestCase2 -->
