<?xml version="1.0" encoding="UTF-8"?>
<!-- Generated by org.testng.reporters.JUnitReportReporter -->
<testsuite hostname="DESKTOP-06M61PI" failures="0" tests="1" name="TestNgDemo.VerifyErrorMessageDemo" time="10.796" errors="0" timestamp="2024-12-01T20:25:18 IST" skipped="0">
  <testcase classname="TestNgDemo.VerifyErrorMessageDemo" name="verifyErrorMessage" time="10.796"/>
  <system-out/>
</testsuite> <!-- TestNgDemo.VerifyErrorMessageDemo -->
