<?xml version="1.0" encoding="UTF-8"?>
<!-- Generated by org.testng.reporters.JUnitReportReporter -->
<testsuite hostname="DESKTOP-06M61PI" failures="0" tests="1" name="TestNgDemo.A3" time="0.017" errors="0" timestamp="2024-11-30T21:18:10 IST" skipped="0">
  <testcase classname="TestNgDemo.A3" name="m1" time="0.017"/>
  <system-out/>
</testsuite> <!-- TestNgDemo.A3 -->
