<?xml version="1.0" encoding="UTF-8"?>
<!-- Generated by org.testng.reporters.JUnitReportReporter -->
<testsuite hostname="DESKTOP-06M61PI" failures="0" tests="1" name="TestNgDemo.BeforeTestdemo" time="0.014" errors="0" timestamp="2024-12-02T12:29:29 IST" skipped="0">
  <testcase classname="TestNgDemo.BeforeTestdemo" name="m1" time="0.014"/>
  <system-out/>
</testsuite> <!-- TestNgDemo.BeforeTestdemo -->
