<?xml version="1.0" encoding="UTF-8"?>
<!-- Generated by org.testng.reporters.JUnitReportReporter -->
<testsuite hostname="DESKTOP-06M61PI" failures="0" tests="1" name="pageFactoryDesignPattern.LoginTestCase1" time="1.070" errors="0" timestamp="2024-12-20T11:57:48 IST" skipped="0">
  <testcase classname="pageFactoryDesignPattern.LoginTestCase1" name="login" time="1.070"/>
  <system-out/>
</testsuite> <!-- pageFactoryDesignPattern.LoginTestCase1 -->
