<?xml version="1.0" encoding="UTF-8"?>
<!-- Generated by org.testng.reporters.JUnitReportReporter -->
<testsuite hostname="DESKTOP-06M61PI" failures="0" tests="2" name="TestNgDemo.BaseClass" time="0.023" errors="0" timestamp="2024-12-05T19:30:19 IST" skipped="0">
  <testcase classname="TestNgDemo.BaseClass" name="m1" time="0.014"/>
  <system-out/>
  <testcase classname="TestNgDemo.BaseClass" name="m2" time="0.009"/>
  <system-out/>
</testsuite> <!-- TestNgDemo.BaseClass -->
