<?xml version="1.0" encoding="UTF-8"?>
<!-- Generated by org.testng.reporters.JUnitReportReporter -->
<testsuite hostname="DESKTOP-06M61PI" failures="0" tests="1" name="TestNgDemo.HandlingWindow" time="18.530" errors="0" timestamp="2024-12-03T18:43:49 IST" skipped="0">
  <testcase classname="TestNgDemo.HandlingWindow" name="newWidow" time="18.530"/>
  <system-out/>
</testsuite> <!-- TestNgDemo.HandlingWindow -->
