<?xml version="1.0" encoding="UTF-8"?>
<!-- Generated by org.testng.reporters.JUnitReportReporter -->
<testsuite hostname="DESKTOP-06M61PI" failures="0" tests="1" name="Revision.Upload" time="6.784" errors="0" timestamp="2024-12-03T20:55:28 IST" skipped="0">
  <testcase classname="Revision.Upload" name="upload" time="6.784"/>
  <system-out/>
</testsuite> <!-- Revision.Upload -->
