<?xml version="1.0" encoding="UTF-8"?>
<!-- Generated by org.testng.reporters.JUnitReportReporter -->
<testsuite hostname="DESKTOP-06M61PI" failures="0" tests="1" name="TestNgDemo.ExcelSheets" time="22.030" errors="0" timestamp="2024-12-01T22:52:06 IST" skipped="0">
  <testcase classname="TestNgDemo.ExcelSheets" name="handlingExcelSheet" time="22.030"/>
  <system-out/>
</testsuite> <!-- TestNgDemo.ExcelSheets -->
