<?xml version="1.0" encoding="UTF-8"?>
<!-- Generated by org.testng.reporters.JUnitReportReporter -->
<testsuite hostname="DESKTOP-06M61PI" failures="0" tests="3" name="TestNgDemo.Anotations" time="7.262" errors="0" timestamp="2024-12-05T20:14:07 IST" skipped="0">
  <testcase classname="TestNgDemo.Anotations" name="loadurl" time="3.194"/>
  <system-out/>
  <testcase classname="TestNgDemo.Anotations" name="loginurl" time="2.536"/>
  <system-out/>
  <testcase classname="TestNgDemo.Anotations" name="logout" time="1.532"/>
  <system-out/>
</testsuite> <!-- TestNgDemo.Anotations -->
