<?xml version="1.0" encoding="UTF-8"?>
<!-- Generated by org.testng.reporters.JUnitReportReporter -->
<testsuite hostname="DESKTOP-06M61PI" failures="0" tests="1" name="TestNgDemo.A1" time="0.016" errors="0" timestamp="2024-11-29T19:17:21 IST" skipped="0">
  <testcase classname="TestNgDemo.A1" name="m1" time="0.016"/>
  <system-out/>
</testsuite> <!-- TestNgDemo.A1 -->
