<?xml version="1.0" encoding="UTF-8"?>
<!-- Generated by org.testng.reporters.JUnitReportReporter -->
<testsuite hostname="DESKTOP-06M61PI" failures="0" tests="1" name="Revision.ExcelSheet" time="11.913" errors="0" timestamp="2024-12-08T11:02:41 IST" skipped="0">
  <testcase classname="Revision.ExcelSheet" name="handlingExcelSheet" time="11.913"/>
  <system-out/>
</testsuite> <!-- Revision.ExcelSheet -->
