<?xml version="1.0" encoding="UTF-8"?>
<!-- Generated by org.testng.reporters.JUnitReportReporter -->
<testsuite hostname="DESKTOP-06M61PI" failures="0" tests="1" name="Revision.Handlingwindow" time="14.436" errors="0" timestamp="2024-12-03T20:48:20 IST" skipped="0">
  <testcase classname="Revision.Handlingwindow" name="windowHandle" time="14.436"/>
  <system-out/>
</testsuite> <!-- Revision.Handlingwindow -->
