<?xml version="1.0" encoding="UTF-8"?>
<!-- Generated by org.testng.reporters.JUnitReportReporter -->
<testsuite hostname="DESKTOP-06M61PI" failures="0" tests="1" name="Revision.HndlingExcelSheet" time="10.642" errors="0" timestamp="2024-12-07T20:44:09 IST" skipped="0">
  <testcase classname="Revision.HndlingExcelSheet" name="sheet" time="10.642"/>
  <system-out/>
</testsuite> <!-- Revision.HndlingExcelSheet -->
