<?xml version="1.0" encoding="UTF-8"?>
<!-- Generated by org.testng.reporters.JUnitReportReporter -->
<testsuite hostname="DESKTOP-06M61PI" failures="0" tests="2" name="TestNgDemo.Grouping.Payment" time="0.011" errors="0" timestamp="2024-12-05T21:23:47 IST" skipped="0">
  <testcase classname="TestNgDemo.Grouping.Payment" name="paymentDollar" time="0.005"/>
  <system-out/>
  <testcase classname="TestNgDemo.Grouping.Payment" name="paymentInr" time="0.006"/>
  <system-out/>
</testsuite> <!-- TestNgDemo.Grouping.Payment -->
