<?xml version="1.0" encoding="UTF-8"?>
<!-- Generated by org.testng.reporters.JUnitReportReporter -->
<testsuite hostname="DESKTOP-06M61PI" failures="0" tests="1" name="Revision.ExcelSheet1" time="10.071" errors="0" timestamp="2024-12-03T20:28:08 IST" skipped="0">
  <testcase classname="Revision.ExcelSheet1" name="excelSheet" time="10.071"/>
  <system-out/>
</testsuite> <!-- Revision.ExcelSheet1 -->
